info: cargo-llvm-cov currently setting cfg(coverage); you can opt-out it by passing --no-cfg-coverage
[1m[92m   Compiling[0m rand v0.9.4
[1m[92m   Compiling[0m typeid v1.0.3
[1m[92m   Compiling[0m unicode-segmentation v1.13.2
[1m[92m   Compiling[0m thiserror v2.0.18
[1m[92m   Compiling[0m futures-io v0.3.32
[1m[92m   Compiling[0m convert_case v0.10.0
[1m[92m   Compiling[0m num-traits v0.2.19
[1m[92m   Compiling[0m hashbrown v0.16.1
[1m[92m   Compiling[0m thiserror-impl v2.0.18
[1m[92m   Compiling[0m spin v0.10.0
[1m[92m   Compiling[0m unicode-xid v0.2.6
[1m[92m   Compiling[0m foldhash v0.2.0
[1m[92m   Compiling[0m bevy_platform v0.18.1
[1m[92m   Compiling[0m derive_more-impl v2.1.1
[1m[92m   Compiling[0m futures-lite v2.6.1
[1m[92m   Compiling[0m thread_local v1.1.9
[1m[92m   Compiling[0m erased-serde v0.4.10
[1m[92m   Compiling[0m derive_more v2.1.1
[1m[92m   Compiling[0m glam v0.30.10
[1m[92m   Compiling[0m smallvec v1.15.1
[1m[92m   Compiling[0m atomic-waker v1.1.2
[1m[92m   Compiling[0m disqualified v1.0.0
[1m[92m   Compiling[0m once_cell v1.21.4
[1m[92m   Compiling[0m objc2 v0.6.4
[1m[92m   Compiling[0m log v0.4.29
[1m[92m   Compiling[0m slab v0.4.12
[1m[92m   Compiling[0m async-task v4.7.1
[1m[92m   Compiling[0m bevy_utils v0.18.1
[1m[92m   Compiling[0m bevy_reflect_derive v0.18.1
[1m[92m   Compiling[0m uuid v1.23.1
[1m[92m   Compiling[0m indexmap v2.14.0
[1m[92m   Compiling[0m variadics_please v1.1.0
[1m[92m   Compiling[0m assert_type_match v0.1.1
[1m[92m   Compiling[0m version_check v0.9.5
[1m[92m   Compiling[0m inventory v0.3.24
[1m[92m   Compiling[0m bevy_ptr v0.18.1
[1m[92m   Compiling[0m objc2-encode v4.1.0
[1m[92m   Compiling[0m cfg_aliases v0.2.1
[1m[92m   Compiling[0m downcast-rs v2.0.2
[1m[92m   Compiling[0m bevy_reflect v0.18.1
[1m[92m   Compiling[0m nix v0.31.3
[1m[92m   Compiling[0m slotmap v1.1.1
[1m[92m   Compiling[0m either v1.16.0
[1m[92m   Compiling[0m block2 v0.6.2
[1m[92m   Compiling[0m async-executor v1.14.0
[1m[92m   Compiling[0m crossbeam-queue v0.3.12
[1m[92m   Compiling[0m bevy_tasks v0.18.1
[1m[92m   Compiling[0m dispatch2 v0.3.1
[1m[92m   Compiling[0m bevy_ecs_macros v0.18.1
[1m[92m   Compiling[0m fixedbitset v0.5.7
[1m[92m   Compiling[0m rustix v1.1.4
[1m[92m   Compiling[0m nonmax v0.5.5
[1m[92m   Compiling[0m zerocopy v0.8.48
[1m[92m   Compiling[0m bumpalo v3.20.3
[1m[92m   Compiling[0m bevy_ecs v0.18.1
[1m[92m   Compiling[0m ctrlc v3.5.2
[1m[92m   Compiling[0m bevy_derive v0.18.1
[1m[92m   Compiling[0m event-listener v5.4.1
[1m[92m   Compiling[0m errno v0.3.14
[1m[92m   Compiling[0m zerocopy-derive v0.8.48
[1m[92m   Compiling[0m regex-syntax v0.8.10
[1m[92m   Compiling[0m event-listener-strategy v0.5.4
[1m[92m   Compiling[0m bevy_app v0.18.1
[1m[92m   Compiling[0m tracing-core v0.1.36
[1m[92m   Compiling[0m arrayvec v0.7.6
[1m[92m   Compiling[0m regex-automata v0.4.14
[1m[92m   Compiling[0m typewit v1.15.2
[1m[92m   Compiling[0m shlex v2.0.1
[1m[92m   Compiling[0m find-msvc-tools v0.1.9
[1m[92m   Compiling[0m cc v1.2.63
[1m[92m   Compiling[0m const_panic v0.2.15
[1m[92m   Compiling[0m tracing v0.1.44
[1m[92m   Compiling[0m itertools v0.14.0
[1m[92m   Compiling[0m rand_distr v0.5.1
[1m[92m   Compiling[0m bevy_math v0.18.1
[1m[92m   Compiling[0m blake3 v1.8.5
[1m[92m   Compiling[0m async-channel v2.5.0
[1m[92m   Compiling[0m piper v0.2.5
[1m[92m   Compiling[0m async-io v2.6.0
[1m[92m   Compiling[0m lazy_static v1.5.0
[1m[92m   Compiling[0m sharded-slab v0.1.7
[1m[92m   Compiling[0m blocking v1.6.2
[1m[92m   Compiling[0m matchers v0.2.0
[1m[92m   Compiling[0m tracing-log v0.2.0
[1m[92m   Compiling[0m bevy_time v0.18.1
[1m[92m   Compiling[0m async-lock v3.4.2
[1m[92m   Compiling[0m polling v3.11.0
[1m[92m   Compiling[0m half v2.7.1
[1m[92m   Compiling[0m futures-macro v0.3.32
[1m[92m   Compiling[0m encase_derive_impl v0.12.0
[1m[92m   Compiling[0m const-fnv1a-hash v1.1.0
[1m[92m   Compiling[0m constant_time_eq v0.4.2
[1m[92m   Compiling[0m nu-ansi-term v0.50.3
[1m[92m   Compiling[0m futures-task v0.3.32
[1m[92m   Compiling[0m arrayref v0.3.9
[1m[92m   Compiling[0m futures-util v0.3.32
[1m[92m   Compiling[0m tracing-subscriber v0.3.23
[1m[92m   Compiling[0m bevy_diagnostic v0.18.1
[1m[92m   Compiling[0m encase_derive v0.12.0
[1m[92m   Compiling[0m async-fs v2.2.0
[1m[92m   Compiling[0m stackfuture v0.3.1
[1m[92m   Compiling[0m async-broadcast v0.7.2
[1m[92m   Compiling[0m wgpu-types v27.0.1
[1m[92m   Compiling[0m ron v0.12.1
[1m[92m   Compiling[0m bevy_asset_macros v0.18.1
[1m[92m   Compiling[0m crossbeam-channel v0.5.15
[1m[92m   Compiling[0m const_soft_float v0.1.4
[1m[92m   Compiling[0m pxfm v0.1.29
[1m[92m   Compiling[0m atomicow v1.2.0
[1m[92m   Compiling[0m bevy_asset v0.18.1
[1m[92m   Compiling[0m moxcms v0.8.1
[1m[92m   Compiling[0m constgebra v0.1.4
[1m[92m   Compiling[0m encase v0.12.0
[1m[92m   Compiling[0m bevy_log v0.18.1
[1m[92m   Compiling[0m euclid v0.22.14
[1m[92m   Compiling[0m zmij v1.0.21
[1m[92m   Compiling[0m svg_fmt v0.4.5
[1m[92m   Compiling[0m byteorder-lite v0.1.0
[1m[92m   Compiling[0m image v0.25.10
[1m[92m   Compiling[0m guillotiere v0.6.2
[1m[92m   Compiling[0m bevy_transform v0.18.1
[1m[92m   Compiling[0m bevy_color v0.18.1
[1m[92m   Compiling[0m hexasphere v16.0.0
[1m[92m   Compiling[0m crossbeam-epoch v0.9.18
[1m[92m   Compiling[0m serde_json v1.0.150
[1m[92m   Compiling[0m rectangle-pack v0.4.2
[1m[92m   Compiling[0m rayon-core v1.13.0
[1m[92m   Compiling[0m bevy_image v0.18.1
[1m[92m   Compiling[0m crossbeam-deque v0.8.6
[1m[92m   Compiling[0m bevy_mesh v0.18.1
[1m[92m   Compiling[0m bevy_input v0.18.1
[1m[92m   Compiling[0m plotters-backend v0.3.7
[1m[92m   Compiling[0m ciborium-io v0.2.2
[1m[92m   Compiling[0m anstyle v1.0.14
[1m[92m   Compiling[0m itoa v1.0.18
[1m[92m   Compiling[0m memchr v2.8.0
[1m[92m   Compiling[0m clap_lex v1.1.0
[1m[92m   Compiling[0m clap_builder v4.6.0
[1m[92m   Compiling[0m ciborium-ll v0.2.2
[1m[92m   Compiling[0m plotters-svg v0.3.7
[1m[92m   Compiling[0m bevy_internal v0.18.1
[1m[92m   Compiling[0m tempfile v3.27.0
[1m[92m   Compiling[0m ppv-lite86 v0.2.21
[1m[92m   Compiling[0m itertools v0.10.5
[1m[92m   Compiling[0m wait-timeout v0.2.1
[1m[92m   Compiling[0m quick-error v1.2.3
[1m[92m   Compiling[0m fnv v1.0.7
[1m[92m   Compiling[0m same-file v1.0.6
[1m[92m   Compiling[0m bit-vec v0.8.0
[1m[92m   Compiling[0m cast v0.3.0
[1m[92m   Compiling[0m criterion-plot v0.5.0
[1m[92m   Compiling[0m bit-set v0.8.0
[1m[92m   Compiling[0m walkdir v2.5.0
[1m[92m   Compiling[0m rusty-fork v0.3.1
[1m[92m   Compiling[0m rand_chacha v0.9.0
[1m[92m   Compiling[0m rayon v1.12.0
[1m[92m   Compiling[0m bevy v0.18.1
[1m[92m   Compiling[0m plotters v0.3.7
[1m[92m   Compiling[0m ciborium v0.2.2
[1m[92m   Compiling[0m tinytemplate v1.2.1
[1m[92m   Compiling[0m clap v4.6.1
[1m[92m   Compiling[0m regex v1.12.3
[1m[92m   Compiling[0m rand_xorshift v0.4.0
[1m[92m   Compiling[0m is-terminal v0.4.17
[1m[92m   Compiling[0m anes v0.1.6
[1m[92m   Compiling[0m oorandom v11.1.5
[1m[92m   Compiling[0m unarray v0.1.4
[1m[92m   Compiling[0m proptest v1.11.0
[1m[92m   Compiling[0m criterion v0.5.1
[1m[92m   Compiling[0m phenotype-voxel v0.1.0 (/Users/kooshapari/CodeProjects/Phenotype/repos/phenotype-voxel)
[1m[92m    Finished[0m ]8;;https://doc.rust-lang.org/cargo/reference/profiles.html#default-profiles\`test` profile [unoptimized + debuginfo]]8;;\ target(s) in 4m 09s
[1m[92m     Running[0m unittests src/lib.rs (target/llvm-cov-target/debug/deps/phenotype_voxel-06bb264a63f34c98)

running 123 tests
test chunk::tests::chunk_constants_are_consistent ... ok
test coord::tests::negative_coords_use_euclidean_division ... ok
test chunk::tests::default_chunk_has_expected_voxel_count ... ok
test adapters::renderer::tests::invalid_state_propagates ... ok
test adapters::renderer::tests::reset_counters_preserves_inner_state ... ok
test adapters::renderer::tests::counters_increment_on_forwarded_calls ... ok
test adapters::storage::tests::write_read_roundtrip ... ok
test coord::tests::origin_maps_to_origin_chunk ... ok
test adapters::storage::tests::drain_dirty_is_sorted ... ok
test adapters::storage::tests::chunks_dense_iterates_in_order ... ok
test bevy_adapter::tests::converts_meshbuffer_into_bevy_mesh ... ok
test adapters::storage::tests::compact_promotes_uniform_chunk ... ok
test cubic_mesher::tests::empty_chunk_ao_is_empty ... ok
test cubic_mesher::tests::fully_exposed_voxel_has_ao_three_everywhere ... ok
test cubic_mesher::tests::adjacent_voxels_cull_shared_faces ... ok
test cubic_mesher::tests::ao_does_not_change_triangle_counts ... ok
test cubic_mesher::tests::buried_voxel_emits_no_faces ... ok
test cubic_mesher::tests::empty_chunk_meshes_empty ... ok
test cubic_mesher::tests::face_normals_are_outward ... ok
test cubic_mesher::tests::crevice_voxel_has_reduced_ao_on_occluded_vertices ... ok
test cubic_mesher::tests::ao_length_equals_vertex_count ... ok
test cubic_mesher::tests::wrong_chunk_size_errors ... ok
test delta::tests::events_sort_deterministically ... ok
test delta::tests::writeseq_next_is_monotonic ... ok
test fixtures::tests::dedup_collapses_ties ... ok
test cubic_mesher::tests::index_buffer_in_bounds ... ok
test fixtures::tests::sample_sequence_is_meaningful ... ok
test cubic_mesher::tests::vertex_material_ids_match_voxels ... ok
test fixtures::tests::lod_transition_preserves_order ... ok
test cubic_mesher::tests::single_voxel_emits_all_six_faces ... ok
test cubic_mesher::tests::mesher_trait_mesh_chunk_matches_mesh_cubic ... ok
test cubic_mesher::tests::meshing_is_deterministic ... ok
test cubic_mesher::tests::voxel_at_chunk_corner_emits_six_faces ... ok
test greedy_mesher::tests::greedy_ao_matches_cubic_ao_on_single_voxel ... ok
test lod::tests::far_boundary_is_max_level ... ok
test lod::tests::far_distances_clamp_to_max ... ok
test greedy_mesher::tests::flat_slab_greedy_reduction ... ok
test greedy_mesher::tests::ao_discontinuity_splits_greedy_quad ... ok
test lod::tests::lod_increases_with_distance ... ok
test lod::tests::lod_is_scale_invariant ... ok
test lod::tests::near_boundary_is_lod_zero ... ok
test lod::tests::single_level_policy_always_zero ... ok
test lod::tests::zero_scale_returns_max_level ... ok
test material::tests::palette_assigns_sequential_ids ... ok
test greedy_mesher::tests::single_voxel_produces_six_quads ... ok
test mesh::tests::counts_agree_with_data ... ok
test mesh::tests::default_meshbuffer_is_empty ... ok
test mesh::tests::interleaved_empty_mesh_produces_empty_vec ... ok
test mesh::tests::interleaved_ao_values_match_ao_field ... ok
test mesh::tests::interleaved_length_equals_vertex_count_times_stride ... ok
test mesh::tests::interleaved_positions_match_vertices ... ok
test mesh::tests::is_empty_empty_buffer ... ok
test octree::tests::compact_incomplete_group_not_collapsed ... ok
test octree::tests::compact_is_idempotent ... ok
test octree::tests::compact_mixed_subtree_is_preserved ... ok
test octree::tests::compact_preserves_query_semantics ... ok
test octree::tests::compact_multi_level_pyramid_collapses_to_root ... ok
test greedy_mesher::tests::empty_chunk_produces_empty_mesh ... ok
test octree::tests::compact_uniform_subtree_collapses_to_one_leaf ... ok
test octree::tests::dense_marker_distinguished_from_uniform ... ok
test octree::tests::empty_octree_has_no_nodes ... ok
test octree::tests::uniform_insert_roundtrips ... ok
test ports::material::tests::empty_name_rejected ... ok
test ports::material::tests::in_memory_registry_assigns_sequential_ids ... ok
test ports::material::tests::iter_yields_insertion_order ... ok
test ports::material::tests::mock_records_call_sequence ... ok
test ports::serialization::tests::mock_load_without_stage_errors ... ok
test ports::serialization::tests::mock_records_and_replays ... ok
test ports::serialization::tests::pvox_rejects_bad_magic ... ok
test ports::storage::tests::mock_compact_is_noop ... ok
test ports::serialization::tests::pvox_roundtrip_uniform ... ok
test greedy_mesher::tests::two_by_two_block_merges_faces ... ok
test ports::storage::tests::mock_record_read_returns_value_or_default ... ok
test ports::storage::tests::mock_idempotent_write_emits_no_event ... ok
test ports::storage::tests::mock_write_read_roundtrip ... ok
test serial::tests::bad_magic_rejected ... ok
test serial::tests::element_size_mismatch_detected ... ok
test serial::tests::empty_chunk_roundtrip ... ok
test shape_hints::tests::case_insensitive ... ok
test shape_hints::tests::clear_empties ... ok
test shape_hints::tests::custom_registration_first_wins ... ok
test greedy_mesher::tests::surface_area_matches_cubic_for_solid_block ... ok
test shape_hints::tests::empty_string_returns_auto ... ok
test shape_hints::tests::prefix_at_start_matched ... ok
test shape_hints::tests::prefix_after_underscore_matched ... ok
test shape_hints::tests::unknown_returns_auto ... ok
test shape_hints::tests::prefix_before_underscore_matched ... ok
test shape_hints::tests::wsm3d_defaults_count ... ok
test sprite_voxelizer::tests::balloon_mode_thicker_interior ... ok
test serial::tests::dense_chunk_roundtrip ... ok
test sprite_voxelizer::tests::chunk_extrusion_depth_respected ... ok
test sprite_voxelizer::tests::chunk_2x2_opaque_sprite_voxel_count ... ok
test sprite_voxelizer::tests::chunk_out_of_bounds_clamped_no_panic ... ok
test sprite_voxelizer::tests::chunk_palette_mapping_correct ... ok
test sprite_voxelizer::tests::depth_zero_clamped_to_one ... ok
test sprite_voxelizer::tests::chunk_empty_sprite_produces_empty_chunk ... ok
test sprite_voxelizer::tests::chunk_transparent_pixels_skipped ... ok
test sprite_voxelizer::tests::flat_depth_1_one_voxel_per_solid_pixel ... ok
test sprite_voxelizer::tests::flat_depth_n_produces_n_layers ... ok
test sprite_voxelizer::tests::manhattan_dist_interior_solid_nonzero ... ok
test sprite_voxelizer::tests::transparent_pixels_skipped ... ok
test world::tests::chunk_coord_chunk_id_matches_kernel_packing ... ok
test world::tests::chunk_returns_none_for_empty_world ... ok
test world::tests::chunk_returns_some_after_write ... ok
test world::tests::chunks_dense_iterates_in_order ... ok
test world::tests::compact_skips_non_uniform_chunks ... ok
test greedy_mesher::tests::mesher_trait_delegates_to_mesh_greedy ... ok
test world::tests::chunk_returns_none_after_compaction ... ok
test greedy_mesher::tests::greedy_meshing_is_deterministic ... ok
test world::tests::dirty_events_drain_in_sorted_order ... ok
test world::tests::empty_world_reads_default ... ok
test world::tests::compact_is_idempotent ... ok
test world::tests::idempotent_write_emits_no_event ... ok
test world::tests::multiple_writes_to_same_chunk_coexist ... ok
test world::tests::out_of_bounds_coords_do_not_panic ... ok
test greedy_mesher::tests::uniform_ao_flat_surface_still_merges ... ok
test world::tests::compact_promotes_uniform_chunks ... ok
test world::tests::replay_is_bit_identical ... ok
test world::tests::write_then_read_roundtrips ... ok
test world::tests::replay_holds_across_compact ... ok
test sprite_voxelizer::tests::transparent_pixels_produce_no_voxels ... ok
test sprite_voxelizer::tests::flat_mode_respects_volume_dimensions ... ok
test sprite_voxelizer::tests::flat_mode_extrusion_is_z_symmetric ... ok

test result: ok. 123 passed; 0 failed; 0 ignored; 0 measured; 0 filtered out; finished in 0.35s

[1m[92m     Running[0m tests/mesher_triangle_regression.rs (target/llvm-cov-target/debug/deps/mesher_triangle_regression-84dfa27ea3f467a0)

running 4 tests
test empty_chunk_zero_triangles ... ok
test sparse_chunk_greedy_le_cubic ... ok
test dense_solid_chunk_greedy_strictly_fewer_triangles ... ok
test checkerboard_chunk_greedy_le_cubic ... ok

test result: ok. 4 passed; 0 failed; 0 ignored; 0 measured; 0 filtered out; finished in 0.05s

[1m[92m     Running[0m tests/perf_regression_guards.rs (target/llvm-cov-target/debug/deps/perf_regression_guards-9b5a7b8d5dc2e0b0)

running 11 tests
test dirty_tracking_event_count_exact ... ok
test svo_compact_8_siblings_exact ... ok
test serial_empty_u8_chunk_exact_16_bytes ... ok
test svo_compact_64_leaf_pyramid_removes_72 ... ok
test svo_compact_mixed_siblings_unchanged ... ok
test ao_single_exposed_voxel_all_lit ... ok
test serial_empty_smaller_than_alternating ... ok
test serial_empty_bytes_much_smaller_than_alternating ... ok
test dirty_fill_one_chunk_under_1s ... ok
test dirty_event_count_scales_with_writes ... ok
test ao_len_equals_vertex_len_all_shapes ... ok

test result: ok. 11 passed; 0 failed; 0 ignored; 0 measured; 0 filtered out; finished in 0.01s


    Finished report saved to coverage/lcov.info
